<?xml version="1.0" encoding="UTF-8"?>
<!-- Generated by org.testng.reporters.JUnitXMLReporter -->
<testsuite hostname="Administrators-MacBook-Pro-9.local" ignored="0" name="Command line test" tests="6" failures="5" timestamp="24 Feb 2018 17:51:42 GMT" time="4.989" errors="0">
  <testcase name="createCustomerTest" time="2.076" classname="com.qa.tests.CreateCustomerPOSTCallTest"/>
  <testcase name="getWeatherDetailsWith_CorrectCityTest" time="0.565" classname="com.qa.tests.GetWeatherInfoTest">
    <failure type="java.lang.AssertionError" message="expected [200] but found [503]">
      <![CDATA[java.lang.AssertionError: expected [200] but found [503]
	at com.qa.tests.GetWeatherInfoTest.getWeatherDetailsWith_CorrectCityTest(GetWeatherInfoTest.java:34)
... Removed 41 stack frames]]>
    </failure>
  </testcase> <!-- getWeatherDetailsWith_CorrectCityTest -->
  <testcase name="getWeatherDetailsWith_InCorrectCityTest" time="0.602" classname="com.qa.tests.GetWeatherInfoTest">
    <failure type="java.lang.AssertionError" message="expected [400] but found [503]">
      <![CDATA[java.lang.AssertionError: expected [400] but found [503]
	at com.qa.tests.GetWeatherInfoTest.getWeatherDetailsWith_InCorrectCityTest(GetWeatherInfoTest.java:81)
... Removed 41 stack frames]]>
    </failure>
  </testcase> <!-- getWeatherDetailsWith_InCorrectCityTest -->
  <testcase name="getWeatherDetailsWith_NullCityTest" time="0.568" classname="com.qa.tests.GetWeatherInfoTest">
    <failure type="java.lang.AssertionError" message="expected [400] but found [503]">
      <![CDATA[java.lang.AssertionError: expected [400] but found [503]
	at com.qa.tests.GetWeatherInfoTest.getWeatherDetailsWith_NullCityTest(GetWeatherInfoTest.java:127)
... Removed 41 stack frames]]>
    </failure>
  </testcase> <!-- getWeatherDetailsWith_NullCityTest -->
  <testcase name="getWeatherDetailsWith_BlankCityTest" time="0.569" classname="com.qa.tests.GetWeatherInfoTest">
    <failure type="java.lang.AssertionError" message="expected [400] but found [503]">
      <![CDATA[java.lang.AssertionError: expected [400] but found [503]
	at com.qa.tests.GetWeatherInfoTest.getWeatherDetailsWith_BlankCityTest(GetWeatherInfoTest.java:172)
... Removed 41 stack frames]]>
    </failure>
  </testcase> <!-- getWeatherDetailsWith_BlankCityTest -->
  <testcase name="getWeatherDetailsWith_SpecialCharsCityTest" time="0.577" classname="com.qa.tests.GetWeatherInfoTest">
    <failure type="java.lang.AssertionError" message="expected [400] but found [503]">
      <![CDATA[java.lang.AssertionError: expected [400] but found [503]
	at com.qa.tests.GetWeatherInfoTest.getWeatherDetailsWith_SpecialCharsCityTest(GetWeatherInfoTest.java:217)
... Removed 41 stack frames]]>
    </failure>
  </testcase> <!-- getWeatherDetailsWith_SpecialCharsCityTest -->
</testsuite> <!-- Command line test -->
